setting 'ivy.default.settings.dir' to 'jar:file:/D:/sbt/sbt-launch-0.7.7.jar!/org/apache/ivy/core/settings'
setting 'ivy.basedir' to 'H:\demo\sbtdemo\.'
setting 'ivy.default.conf.dir' to 'jar:file:/D:/sbt/sbt-launch-0.7.7.jar!/org/apache/ivy/core/settings'
impossible to define new type: class not found: org.apache.ivy.plugins.version.PatternVersionMatcher in [] nor Ivy classloader
impossible to define new type: class not found: org.apache.ivy.plugins.trigger.LogTrigger in [] nor Ivy classloader
impossible to define new type: class not found: org.apache.ivy.plugins.resolver.VsftpResolver in [] nor Ivy classloader
impossible to define new type: class not found: org.apache.ivy.plugins.conflict.RegexpConflictManager in [] nor Ivy classloader
impossible to define new type: class not found: org.apache.ivy.plugins.resolver.SshResolver in [] nor Ivy classloader
impossible to define new type: class not found: org.apache.ivy.plugins.resolver.VfsResolver in [] nor Ivy classloader
impossible to define new type: class not found: org.apache.ivy.plugins.signer.bouncycastle.OpenPGPSignatureGenerator in [] nor Ivy classloader
impossible to define new type: class not found: org.apache.ivy.plugins.resolver.SFTPResolver in [] nor Ivy classloader
impossible to define new type: class not found: org.apache.ivy.plugins.resolver.packager.PackagerResolver in [] nor Ivy classloader
impossible to define new type: class not found: org.apache.ivy.ant.AntCallTrigger in [] nor Ivy classloader
impossible to define new type: class not found: org.apache.ivy.plugins.resolver.IvyRepResolver in [] nor Ivy classloader
impossible to define new type: class not found: org.apache.ivy.ant.AntBuildTrigger in [] nor Ivy classloader
impossible to define glob matcher: org.apache.ivy.plugins.matcher.GlobPatternMatcher was not found.
setting 'java.runtime.name' to 'Java(TM) SE Runtime Environment'
setting 'sun.boot.library.path' to 'C:\Java\jre6\bin'
setting 'java.vm.version' to '17.0-b16'
setting 'java.vm.vendor' to 'Sun Microsystems Inc.'
setting 'java.vendor.url' to 'http://java.sun.com/'
setting 'path.separator' to ';'
setting 'java.vm.name' to 'Java HotSpot(TM) Client VM'
setting 'file.encoding.pkg' to 'sun.io'
setting 'sun.java.launcher' to 'SUN_STANDARD'
setting 'user.country' to 'CN'
setting 'sun.os.patch.level' to 'Service Pack 3'
setting 'java.vm.specification.name' to 'Java Virtual Machine Specification'
setting 'user.dir' to 'H:\demo\sbtdemo'
setting 'java.runtime.version' to '1.6.0_21-b06'
setting 'java.awt.graphicsenv' to 'sun.awt.Win32GraphicsEnvironment'
setting 'java.endorsed.dirs' to 'C:\Java\jre6\lib\endorsed'
setting 'os.arch' to 'x86'
setting 'java.io.tmpdir' to 'C:\DOCUME~1\ADMINI~1\LOCALS~1\Temp\'
setting 'line.separator' to '
'
setting 'java.vm.specification.vendor' to 'Sun Microsystems Inc.'
setting 'user.variant' to ''
setting 'os.name' to 'Windows XP'
setting 'sun.jnu.encoding' to 'GBK'
setting 'java.library.path' to 'C:\windows\system32;.;C:\windows\Sun\Java\bin;C:\windows\system32;C:\windows;C:\windows\system32;C:\windows;C:\windows\System32\Wbem;C:\Program Files\TortoiseSVN\bin;C:\Program Files\MySQL\MySQL Server 5.1\bin;C:\Program Files\Common Files\Thunder Network\KanKan\Codecs;C:\Program Files\Git\cmd;C:\Program Files\Microsoft Visual Studio\Common\Tools\WinNT;C:\Program Files\Microsoft Visual Studio\Common\MSDev98\Bin;C:\Program Files\Microsoft Visual Studio\Common\Tools;C:\Program Files\Microsoft Visual Studio\VC98\bin;.;C:\Java\jdk1.6.0_21\bin;D:\scala-2.9.0.1\bin;D:\apache-ant-1.7.1\bin;D:\apache-maven-2.2.1\bin;D:\apache-tomcat-6.0.18\bin;D:\sbt;D:\play-1.1;C:\Borland\BCC55\bin;D:\TC/bin;D:\typesafe-stack/bin;C:\Program Files\Notepad++'
setting 'java.specification.name' to 'Java Platform API Specification'
setting 'java.class.version' to '50.0'
setting 'sun.management.compiler' to 'HotSpot Client Compiler'
setting 'os.version' to '5.1'
setting 'user.home' to 'C:\Documents and Settings\Administrator'
setting 'user.timezone' to 'Asia/Shanghai'
setting 'java.awt.printerjob' to 'sun.awt.windows.WPrinterJob'
setting 'file.encoding' to 'GBK'
setting 'java.specification.version' to '1.6'
setting 'java.class.path' to 'D:\sbt\sbt-launch-0.7.7.jar'
setting 'user.name' to 'Administrator'
setting 'java.vm.specification.version' to '1.0'
setting 'java.home' to 'C:\Java\jre6'
setting 'sun.arch.data.model' to '32'
setting 'user.language' to 'zh'
setting 'java.specification.vendor' to 'Sun Microsystems Inc.'
setting 'awt.toolkit' to 'sun.awt.windows.WToolkit'
setting 'java.vm.info' to 'mixed mode, sharing'
setting 'java.version' to '1.6.0_21'
setting 'java.ext.dirs' to 'C:\Java\jre6\lib\ext;C:\windows\Sun\Java\lib\ext'
setting 'sun.boot.class.path' to 'C:\Java\jre6\lib\resources.jar;C:\Java\jre6\lib\rt.jar;C:\Java\jre6\lib\sunrsasign.jar;C:\Java\jre6\lib\jsse.jar;C:\Java\jre6\lib\jce.jar;C:\Java\jre6\lib\charsets.jar;C:\Java\jre6\classes'
setting 'java.vendor' to 'Sun Microsystems Inc.'
setting 'file.separator' to '\'
setting 'java.vendor.url.bug' to 'http://java.sun.com/cgi-bin/bugreport.cgi'
setting 'sun.io.unicode.encoding' to 'UnicodeLittle'
setting 'sun.cpu.endian' to 'little'
setting 'sun.desktop' to 'windows'
setting 'sun.cpu.isalist' to ''
setting 'ivy.default.ivy.user.dir' to 'C:\Documents and Settings\Administrator\.ivy2'
setting 'ivy.home' to 'C:\Documents and Settings\Administrator\.ivy2'
no default ivy user dir defined: set to C:\Documents and Settings\Administrator\.ivy2
setting 'ivy.cache.dir' to 'C:\Documents and Settings\Administrator\.ivy2\cache'
no default cache defined: set to C:\Documents and Settings\Administrator\.ivy2\cache
setting 'ivy.basedir' to 'H:\demo\sbtdemo\project\boot'
setting 'basedir' to 'H:\demo\sbtdemo\project\boot'
setting 'scala' to '2.9.0'
:: resolving dependencies :: org.scala-tools.sbt#boot-scala;1.0
	confs: [default]
	validate = true
	refresh = false
resolving dependencies for configuration 'default'
== resolving dependencies for org.scala-tools.sbt#boot-scala;1.0 [default]
loadData of org.scala-tools.sbt#boot-scala;1.0 of rootConf=default
== resolving dependencies org.scala-tools.sbt#boot-scala;1.0->org.scala-lang#scala-compiler;2.9.0 [default->default]
loadData of org.scala-lang#scala-compiler;2.9.0 of rootConf=default
	using redefined-public to resolve org.scala-lang#scala-compiler;2.9.0
redefined-public: Checking cache for: dependency: org.scala-lang#scala-compiler;2.9.0 {default=[default, optional(default)]}
redefined-public: no namespace defined: using system
No entry is found in the ModuleDescriptorCache : C:\Documents and Settings\Administrator\.ivy2\cache\org.scala-lang\scala-compiler\ivy-2.9.0.xml
pre 1.3 ivy file: using exactOrRegexp as default matcher
	found ivy file in cache for org.scala-lang#scala-compiler;2.9.0 (resolved by Maven Central): C:\Documents and Settings\Administrator\.ivy2\cache\org.scala-lang\scala-compiler\ivy-2.9.0.xml
redefined-public: module revision found in cache: org.scala-lang#scala-compiler;2.9.0
redefined-public: no latest strategy defined: using default
	found org.scala-lang#scala-compiler;2.9.0 in Maven Central
== resolving dependencies org.scala-tools.sbt#boot-scala;1.0->org.scala-lang#scala-compiler;2.9.0 [default->runtime]
loadData of org.scala-lang#scala-compiler;2.9.0 of rootConf=default
== resolving dependencies org.scala-tools.sbt#boot-scala;1.0->org.scala-lang#scala-compiler;2.9.0 [default->compile]
loadData of org.scala-lang#scala-compiler;2.9.0 of rootConf=default
== resolving dependencies org.scala-lang#scala-compiler;2.9.0->org.scala-lang#scala-library;2.9.0 [compile->master(*)]
loadData of org.scala-lang#scala-library;2.9.0 of rootConf=default
	using redefined-public to resolve org.scala-lang#scala-library;2.9.0
redefined-public: Checking cache for: dependency: org.scala-lang#scala-library;2.9.0 {compile=[compile(*), master(*)], runtime=[runtime(*)]}
No entry is found in the ModuleDescriptorCache : C:\Documents and Settings\Administrator\.ivy2\cache\org.scala-lang\scala-library\ivy-2.9.0.xml
pre 1.3 ivy file: using exactOrRegexp as default matcher
	found ivy file in cache for org.scala-lang#scala-library;2.9.0 (resolved by Maven Central): C:\Documents and Settings\Administrator\.ivy2\cache\org.scala-lang\scala-library\ivy-2.9.0.xml
redefined-public: module revision found in cache: org.scala-lang#scala-library;2.9.0
	found org.scala-lang#scala-library;2.9.0 in Maven Central
== resolving dependencies org.scala-lang#scala-compiler;2.9.0->org.scala-lang#scala-library;2.9.0 [compile->compile(*)]
loadData of org.scala-lang#scala-library;2.9.0 of rootConf=default
== resolving dependencies org.scala-lang#scala-compiler;2.9.0->org.scala-lang#scala-library;2.9.0 [compile->default]
loadData of org.scala-lang#scala-library;2.9.0 of rootConf=default
== resolving dependencies org.scala-lang#scala-compiler;2.9.0->org.scala-lang#scala-library;2.9.0 [compile->runtime]
loadData of org.scala-lang#scala-library;2.9.0 of rootConf=default
== resolving dependencies org.scala-lang#scala-compiler;2.9.0->org.scala-lang#scala-library;2.9.0 [compile->compile]
loadData of org.scala-lang#scala-library;2.9.0 of rootConf=default
== resolving dependencies org.scala-lang#scala-compiler;2.9.0->org.scala-lang#scala-library;2.9.0 [compile->master]
loadData of org.scala-lang#scala-library;2.9.0 of rootConf=default
== resolving dependencies org.scala-lang#scala-compiler;2.9.0->org.scala-lang#scala-library;2.9.0 [runtime->runtime(*)]
loadData of org.scala-lang#scala-library;2.9.0 of rootConf=default
== resolving dependencies org.scala-lang#scala-compiler;2.9.0->org.scala-lang#scala-library;2.9.0 [runtime->compile]
loadData of org.scala-lang#scala-library;2.9.0 of rootConf=default
default is loaded and no conf to load.  Skip loading
== resolving dependencies org.scala-tools.sbt#boot-scala;1.0->org.scala-lang#scala-compiler;2.9.0 [default->master]
loadData of org.scala-lang#scala-compiler;2.9.0 of rootConf=default
== resolving dependencies org.scala-tools.sbt#boot-scala;1.0->org.scala-lang#scala-compiler;2.9.0 [default->optional(default)]
loadData of org.scala-lang#scala-compiler;2.9.0 of rootConf=default
== resolving dependencies org.scala-lang#scala-compiler;2.9.0->org.scala-lang#jline;2.9.0 [optional->master(*)]
loadData of org.scala-lang#jline;2.9.0 of rootConf=default
	using redefined-public to resolve org.scala-lang#jline;2.9.0
redefined-public: Checking cache for: dependency: org.scala-lang#jline;2.9.0 {optional=[compile(*), master(*)]}
	no ivy file in cache for org.scala-lang#jline;2.9.0: tried C:\Documents and Settings\Administrator\.ivy2\cache\org.scala-lang\jline\ivy-2.9.0.xml
local: no namespace defined: using system
	no ivy file in cache for org.scala-lang#jline;2.9.0: tried C:\Documents and Settings\Administrator\.ivy2\cache\org.scala-lang\jline\ivy-2.9.0.xml
	 trying C:\Documents and Settings\Administrator\.ivy2/local/org.scala-lang/jline/2.9.0/ivys/ivy.xml
		tried C:\Documents and Settings\Administrator\.ivy2/local/org.scala-lang/jline/2.9.0/ivys/ivy.xml
	local: resource not reachable for org.scala-lang#jline;2.9.0: res=C:\Documents and Settings\Administrator\.ivy2\local\org.scala-lang\jline\2.9.0\ivys\ivy.xml
	 trying C:\Documents and Settings\Administrator\.ivy2/local/org.scala-lang/jline/2.9.0/jars/jline.jar
		tried C:\Documents and Settings\Administrator\.ivy2/local/org.scala-lang/jline/2.9.0/jars/jline.jar
	local: resource not reachable for org.scala-lang#jline;2.9.0: res=C:\Documents and Settings\Administrator\.ivy2\local\org.scala-lang\jline\2.9.0\jars\jline.jar
	local: no ivy file nor artifact found for org.scala-lang#jline;2.9.0
Maven2 Local: no namespace defined: using system
	no ivy file in cache for org.scala-lang#jline;2.9.0: tried C:\Documents and Settings\Administrator\.ivy2\cache\org.scala-lang\jline\ivy-2.9.0.xml
	 trying file://C:\Documents and Settings\Administrator/.m2/repository/org/scala-lang/jline/2.9.0/jline-2.9.0.pom
		tried file://C:\Documents and Settings\Administrator/.m2/repository/org/scala-lang/jline/2.9.0/jline-2.9.0.pom
	Maven2 Local: resource not reachable for org/scala-lang#jline;2.9.0: res=file://C:/Documents and Settings/Administrator/.m2/repository/org/scala-lang/jline/2.9.0/jline-2.9.0.pom
	 trying file://C:\Documents and Settings\Administrator/.m2/repository/org/scala-lang/jline/2.9.0/jline-2.9.0.jar
		tried file://C:\Documents and Settings\Administrator/.m2/repository/org/scala-lang/jline/2.9.0/jline-2.9.0.jar
	Maven2 Local: resource not reachable for org/scala-lang#jline;2.9.0: res=file://C:/Documents and Settings/Administrator/.m2/repository/org/scala-lang/jline/2.9.0/jline-2.9.0.jar
	Maven2 Local: no ivy file nor artifact found for org.scala-lang#jline;2.9.0
sbt-db: no namespace defined: using system
	no ivy file in cache for org.scala-lang#jline;2.9.0: tried C:\Documents and Settings\Administrator\.ivy2\cache\org.scala-lang\jline\ivy-2.9.0.xml
	 trying http://databinder.net/repo/org.scala-lang/jline/2.9.0/ivys/ivy.xml
		tried http://databinder.net/repo/org.scala-lang/jline/2.9.0/ivys/ivy.xml
HTTP response status: 404 url=http://databinder.net/repo/org.scala-lang/jline/2.9.0/ivys/ivy.xml
CLIENT ERROR: Not Found url=http://databinder.net/repo/org.scala-lang/jline/2.9.0/ivys/ivy.xml
	sbt-db: resource not reachable for org.scala-lang#jline;2.9.0: res=http://databinder.net/repo/org.scala-lang/jline/2.9.0/ivys/ivy.xml
	 trying http://databinder.net/repo/org.scala-lang/jline/2.9.0/jars/jline.jar
		tried http://databinder.net/repo/org.scala-lang/jline/2.9.0/jars/jline.jar
HTTP response status: 404 url=http://databinder.net/repo/org.scala-lang/jline/2.9.0/jars/jline.jar
CLIENT ERROR: Not Found url=http://databinder.net/repo/org.scala-lang/jline/2.9.0/jars/jline.jar
	sbt-db: resource not reachable for org.scala-lang#jline;2.9.0: res=http://databinder.net/repo/org.scala-lang/jline/2.9.0/jars/jline.jar
	sbt-db: no ivy file nor artifact found for org.scala-lang#jline;2.9.0
Maven Central: no namespace defined: using system
	no ivy file in cache for org.scala-lang#jline;2.9.0: tried C:\Documents and Settings\Administrator\.ivy2\cache\org.scala-lang\jline\ivy-2.9.0.xml
	 trying http://repo1.maven.org/maven2/org/scala-lang/jline/2.9.0/jline-2.9.0.pom
		tried http://repo1.maven.org/maven2/org/scala-lang/jline/2.9.0/jline-2.9.0.pom
	Maven Central: found md file for org.scala-lang#jline;2.9.0
		=> http://repo1.maven.org/maven2/org/scala-lang/jline/2.9.0/jline-2.9.0.pom (2.9.0)
	parser = pom parser
	no ivy file in cache for org.scala-lang#jline;2.9.0: tried C:\Documents and Settings\Administrator\.ivy2\cache\org.scala-lang\jline\ivy-2.9.0.xml
downloading http://repo1.maven.org/maven2/org/scala-lang/jline/2.9.0/jline-2.9.0.pom ...
	Maven Central: downloading http://repo1.maven.org/maven2/org/scala-lang/jline/2.9.0/jline-2.9.0.pom
		to C:\Documents and Settings\Administrator\.ivy2\cache\org.scala-lang\jline\ivy-2.9.0.xml.original.part
	[SUCCESSFUL ] org.scala-lang#jline;2.9.0!jline.pom(pom.original) (265ms)
	 trying C:\Documents and Settings\Administrator\.ivy2/local/org.scala-lang/jline/2.9.0/jars/jline.jar
		tried C:\Documents and Settings\Administrator\.ivy2/local/org.scala-lang/jline/2.9.0/jars/jline.jar
	local: resource not reachable for org.scala-lang#jline;2.9.0: res=C:\Documents and Settings\Administrator\.ivy2\local\org.scala-lang\jline\2.9.0\jars\jline.jar
	 trying file://C:\Documents and Settings\Administrator/.m2/repository/org/scala-lang/jline/2.9.0/jline-2.9.0.jar
		tried file://C:\Documents and Settings\Administrator/.m2/repository/org/scala-lang/jline/2.9.0/jline-2.9.0.jar
	Maven2 Local: resource not reachable for org/scala-lang#jline;2.9.0: res=file://C:/Documents and Settings/Administrator/.m2/repository/org/scala-lang/jline/2.9.0/jline-2.9.0.jar
	 trying http://databinder.net/repo/org.scala-lang/jline/2.9.0/jars/jline.jar
		tried http://databinder.net/repo/org.scala-lang/jline/2.9.0/jars/jline.jar
	sbt-db: resource not reachable for org.scala-lang#jline;2.9.0: res=http://databinder.net/repo/org.scala-lang/jline/2.9.0/jars/jline.jar
	 trying http://repo1.maven.org/maven2/org/scala-lang/jline/2.9.0/jline-2.9.0.jar
		tried http://repo1.maven.org/maven2/org/scala-lang/jline/2.9.0/jline-2.9.0.jar
	 trying C:\Documents and Settings\Administrator\.ivy2/local/org.scala-lang/jline/2.9.0/sources/jline-sources.jar
		tried C:\Documents and Settings\Administrator\.ivy2/local/org.scala-lang/jline/2.9.0/sources/jline-sources.jar
	local: resource not reachable for org.scala-lang#jline;2.9.0: res=C:\Documents and Settings\Administrator\.ivy2\local\org.scala-lang\jline\2.9.0\sources\jline-sources.jar
	 trying file://C:\Documents and Settings\Administrator/.m2/repository/org/scala-lang/jline/2.9.0/jline-2.9.0-sources.jar
		tried file://C:\Documents and Settings\Administrator/.m2/repository/org/scala-lang/jline/2.9.0/jline-2.9.0-sources.jar
	Maven2 Local: resource not reachable for org/scala-lang#jline;2.9.0: res=file://C:/Documents and Settings/Administrator/.m2/repository/org/scala-lang/jline/2.9.0/jline-2.9.0-sources.jar
	 trying http://databinder.net/repo/org.scala-lang/jline/2.9.0/sources/jline-sources.jar
		tried http://databinder.net/repo/org.scala-lang/jline/2.9.0/sources/jline-sources.jar
HTTP response status: 404 url=http://databinder.net/repo/org.scala-lang/jline/2.9.0/sources/jline-sources.jar
CLIENT ERROR: Not Found url=http://databinder.net/repo/org.scala-lang/jline/2.9.0/sources/jline-sources.jar
	sbt-db: resource not reachable for org.scala-lang#jline;2.9.0: res=http://databinder.net/repo/org.scala-lang/jline/2.9.0/sources/jline-sources.jar
	 trying http://repo1.maven.org/maven2/org/scala-lang/jline/2.9.0/jline-2.9.0-sources.jar
		tried http://repo1.maven.org/maven2/org/scala-lang/jline/2.9.0/jline-2.9.0-sources.jar
source artifact found for org.scala-lang#jline;2.9.0
	 trying C:\Documents and Settings\Administrator\.ivy2/local/org.scala-lang/jline/2.9.0/javadocs/jline-javadoc.jar
		tried C:\Documents and Settings\Administrator\.ivy2/local/org.scala-lang/jline/2.9.0/javadocs/jline-javadoc.jar
	local: resource not reachable for org.scala-lang#jline;2.9.0: res=C:\Documents and Settings\Administrator\.ivy2\local\org.scala-lang\jline\2.9.0\javadocs\jline-javadoc.jar
	 trying file://C:\Documents and Settings\Administrator/.m2/repository/org/scala-lang/jline/2.9.0/jline-2.9.0-javadoc.jar
		tried file://C:\Documents and Settings\Administrator/.m2/repository/org/scala-lang/jline/2.9.0/jline-2.9.0-javadoc.jar
	Maven2 Local: resource not reachable for org/scala-lang#jline;2.9.0: res=file://C:/Documents and Settings/Administrator/.m2/repository/org/scala-lang/jline/2.9.0/jline-2.9.0-javadoc.jar
	 trying http://databinder.net/repo/org.scala-lang/jline/2.9.0/javadocs/jline-javadoc.jar
		tried http://databinder.net/repo/org.scala-lang/jline/2.9.0/javadocs/jline-javadoc.jar
HTTP response status: 404 url=http://databinder.net/repo/org.scala-lang/jline/2.9.0/javadocs/jline-javadoc.jar
CLIENT ERROR: Not Found url=http://databinder.net/repo/org.scala-lang/jline/2.9.0/javadocs/jline-javadoc.jar
	sbt-db: resource not reachable for org.scala-lang#jline;2.9.0: res=http://databinder.net/repo/org.scala-lang/jline/2.9.0/javadocs/jline-javadoc.jar
	 trying http://repo1.maven.org/maven2/org/scala-lang/jline/2.9.0/jline-2.9.0-javadoc.jar
		tried http://repo1.maven.org/maven2/org/scala-lang/jline/2.9.0/jline-2.9.0-javadoc.jar
HTTP response status: 404 url=http://repo1.maven.org/maven2/org/scala-lang/jline/2.9.0/jline-2.9.0-javadoc.jar
CLIENT ERROR: Not Found url=http://repo1.maven.org/maven2/org/scala-lang/jline/2.9.0/jline-2.9.0-javadoc.jar
	Maven Central: resource not reachable for org/scala-lang#jline;2.9.0: res=http://repo1.maven.org/maven2/org/scala-lang/jline/2.9.0/jline-2.9.0-javadoc.jar
Scala-Tools Maven2 Repository: no namespace defined: using system
	 trying http://scala-tools.org/repo-releases/org/scala-lang/jline/2.9.0/jline-2.9.0-javadoc.jar
		tried http://scala-tools.org/repo-releases/org/scala-lang/jline/2.9.0/jline-2.9.0-javadoc.jar
HTTP response status: 404 url=http://scala-tools.org/repo-releases/org/scala-lang/jline/2.9.0/jline-2.9.0-javadoc.jar
CLIENT ERROR: Not Found url=http://scala-tools.org/repo-releases/org/scala-lang/jline/2.9.0/jline-2.9.0-javadoc.jar
	Scala-Tools Maven2 Repository: resource not reachable for org/scala-lang#jline;2.9.0: res=http://scala-tools.org/repo-releases/org/scala-lang/jline/2.9.0/jline-2.9.0-javadoc.jar
Scala-Tools Maven2 Snapshots Repository: no namespace defined: using system
	 trying http://scala-tools.org/repo-snapshots/org/scala-lang/jline/2.9.0/jline-2.9.0-javadoc.jar
		tried http://scala-tools.org/repo-snapshots/org/scala-lang/jline/2.9.0/jline-2.9.0-javadoc.jar
HTTP response status: 404 url=http://scala-tools.org/repo-snapshots/org/scala-lang/jline/2.9.0/jline-2.9.0-javadoc.jar
CLIENT ERROR: Not Found url=http://scala-tools.org/repo-snapshots/org/scala-lang/jline/2.9.0/jline-2.9.0-javadoc.jar
	Scala-Tools Maven2 Snapshots Repository: resource not reachable for org/scala-lang#jline;2.9.0: res=http://scala-tools.org/repo-snapshots/org/scala-lang/jline/2.9.0/jline-2.9.0-javadoc.jar
no javadoc artifact found for org.scala-lang#jline;2.9.0
	default-cache: parsed downloaded md file for org.scala-lang#jline;2.9.0; parsed=org.scala-lang#jline;2.9.0
	checking org.scala-lang#jline;2.9.0 from Maven Central against [none]
	module revision kept as first found: org.scala-lang#jline;2.9.0 from Maven Central
	found org.scala-lang#jline;2.9.0 in Maven Central
== resolving dependencies org.scala-lang#scala-compiler;2.9.0->org.scala-lang#jline;2.9.0 [optional->compile(*)]
loadData of org.scala-lang#jline;2.9.0 of rootConf=default
== resolving dependencies org.scala-lang#jline;2.9.0->org.fusesource.jansi#jansi;1.4 [compile->master(*)]
loadData of org.fusesource.jansi#jansi;1.4 of rootConf=default
	using redefined-public to resolve org.fusesource.jansi#jansi;1.4
redefined-public: Checking cache for: dependency: org.fusesource.jansi#jansi;1.4 {compile=[compile(*), master(*)], runtime=[runtime(*)]}
	no ivy file in cache for org.fusesource.jansi#jansi;1.4: tried C:\Documents and Settings\Administrator\.ivy2\cache\org.fusesource.jansi\jansi\ivy-1.4.xml
	no ivy file in cache for org.fusesource.jansi#jansi;1.4: tried C:\Documents and Settings\Administrator\.ivy2\cache\org.fusesource.jansi\jansi\ivy-1.4.xml
	 trying C:\Documents and Settings\Administrator\.ivy2/local/org.fusesource.jansi/jansi/1.4/ivys/ivy.xml
		tried C:\Documents and Settings\Administrator\.ivy2/local/org.fusesource.jansi/jansi/1.4/ivys/ivy.xml
	local: resource not reachable for org.fusesource.jansi#jansi;1.4: res=C:\Documents and Settings\Administrator\.ivy2\local\org.fusesource.jansi\jansi\1.4\ivys\ivy.xml
	 trying C:\Documents and Settings\Administrator\.ivy2/local/org.fusesource.jansi/jansi/1.4/jars/jansi.jar
		tried C:\Documents and Settings\Administrator\.ivy2/local/org.fusesource.jansi/jansi/1.4/jars/jansi.jar
	local: resource not reachable for org.fusesource.jansi#jansi;1.4: res=C:\Documents and Settings\Administrator\.ivy2\local\org.fusesource.jansi\jansi\1.4\jars\jansi.jar
	local: no ivy file nor artifact found for org.fusesource.jansi#jansi;1.4
	no ivy file in cache for org.fusesource.jansi#jansi;1.4: tried C:\Documents and Settings\Administrator\.ivy2\cache\org.fusesource.jansi\jansi\ivy-1.4.xml
	 trying file://C:\Documents and Settings\Administrator/.m2/repository/org/fusesource/jansi/jansi/1.4/jansi-1.4.pom
		tried file://C:\Documents and Settings\Administrator/.m2/repository/org/fusesource/jansi/jansi/1.4/jansi-1.4.pom
	Maven2 Local: resource not reachable for org/fusesource/jansi#jansi;1.4: res=file://C:/Documents and Settings/Administrator/.m2/repository/org/fusesource/jansi/jansi/1.4/jansi-1.4.pom
	 trying file://C:\Documents and Settings\Administrator/.m2/repository/org/fusesource/jansi/jansi/1.4/jansi-1.4.jar
		tried file://C:\Documents and Settings\Administrator/.m2/repository/org/fusesource/jansi/jansi/1.4/jansi-1.4.jar
	Maven2 Local: resource not reachable for org/fusesource/jansi#jansi;1.4: res=file://C:/Documents and Settings/Administrator/.m2/repository/org/fusesource/jansi/jansi/1.4/jansi-1.4.jar
	Maven2 Local: no ivy file nor artifact found for org.fusesource.jansi#jansi;1.4
	no ivy file in cache for org.fusesource.jansi#jansi;1.4: tried C:\Documents and Settings\Administrator\.ivy2\cache\org.fusesource.jansi\jansi\ivy-1.4.xml
	 trying http://databinder.net/repo/org.fusesource.jansi/jansi/1.4/ivys/ivy.xml
		tried http://databinder.net/repo/org.fusesource.jansi/jansi/1.4/ivys/ivy.xml
HTTP response status: 404 url=http://databinder.net/repo/org.fusesource.jansi/jansi/1.4/ivys/ivy.xml
CLIENT ERROR: Not Found url=http://databinder.net/repo/org.fusesource.jansi/jansi/1.4/ivys/ivy.xml
	sbt-db: resource not reachable for org.fusesource.jansi#jansi;1.4: res=http://databinder.net/repo/org.fusesource.jansi/jansi/1.4/ivys/ivy.xml
	 trying http://databinder.net/repo/org.fusesource.jansi/jansi/1.4/jars/jansi.jar
		tried http://databinder.net/repo/org.fusesource.jansi/jansi/1.4/jars/jansi.jar
HTTP response status: 404 url=http://databinder.net/repo/org.fusesource.jansi/jansi/1.4/jars/jansi.jar
CLIENT ERROR: Not Found url=http://databinder.net/repo/org.fusesource.jansi/jansi/1.4/jars/jansi.jar
	sbt-db: resource not reachable for org.fusesource.jansi#jansi;1.4: res=http://databinder.net/repo/org.fusesource.jansi/jansi/1.4/jars/jansi.jar
	sbt-db: no ivy file nor artifact found for org.fusesource.jansi#jansi;1.4
	no ivy file in cache for org.fusesource.jansi#jansi;1.4: tried C:\Documents and Settings\Administrator\.ivy2\cache\org.fusesource.jansi\jansi\ivy-1.4.xml
	 trying http://repo1.maven.org/maven2/org/fusesource/jansi/jansi/1.4/jansi-1.4.pom
		tried http://repo1.maven.org/maven2/org/fusesource/jansi/jansi/1.4/jansi-1.4.pom
	Maven Central: found md file for org.fusesource.jansi#jansi;1.4
		=> http://repo1.maven.org/maven2/org/fusesource/jansi/jansi/1.4/jansi-1.4.pom (1.4)
	parser = pom parser
	no ivy file in cache for org.fusesource.jansi#jansi;1.4: tried C:\Documents and Settings\Administrator\.ivy2\cache\org.fusesource.jansi\jansi\ivy-1.4.xml
downloading http://repo1.maven.org/maven2/org/fusesource/jansi/jansi/1.4/jansi-1.4.pom ...
	Maven Central: downloading http://repo1.maven.org/maven2/org/fusesource/jansi/jansi/1.4/jansi-1.4.pom
		to C:\Documents and Settings\Administrator\.ivy2\cache\org.fusesource.jansi\jansi\ivy-1.4.xml.original.part
	[SUCCESSFUL ] org.fusesource.jansi#jansi;1.4!jansi.pom(pom.original) (281ms)
	 trying C:\Documents and Settings\Administrator\.ivy2/local/org.fusesource.jansi/jansi/1.4/jars/jansi.jar
		tried C:\Documents and Settings\Administrator\.ivy2/local/org.fusesource.jansi/jansi/1.4/jars/jansi.jar
	local: resource not reachable for org.fusesource.jansi#jansi;1.4: res=C:\Documents and Settings\Administrator\.ivy2\local\org.fusesource.jansi\jansi\1.4\jars\jansi.jar
	 trying file://C:\Documents and Settings\Administrator/.m2/repository/org/fusesource/jansi/jansi/1.4/jansi-1.4.jar
		tried file://C:\Documents and Settings\Administrator/.m2/repository/org/fusesource/jansi/jansi/1.4/jansi-1.4.jar
	Maven2 Local: resource not reachable for org/fusesource/jansi#jansi;1.4: res=file://C:/Documents and Settings/Administrator/.m2/repository/org/fusesource/jansi/jansi/1.4/jansi-1.4.jar
	 trying http://databinder.net/repo/org.fusesource.jansi/jansi/1.4/jars/jansi.jar
		tried http://databinder.net/repo/org.fusesource.jansi/jansi/1.4/jars/jansi.jar
	sbt-db: resource not reachable for org.fusesource.jansi#jansi;1.4: res=http://databinder.net/repo/org.fusesource.jansi/jansi/1.4/jars/jansi.jar
	 trying http://repo1.maven.org/maven2/org/fusesource/jansi/jansi/1.4/jansi-1.4.jar
		tried http://repo1.maven.org/maven2/org/fusesource/jansi/jansi/1.4/jansi-1.4.jar
	 trying C:\Documents and Settings\Administrator\.ivy2/local/org.fusesource.jansi/jansi/1.4/sources/jansi-sources.jar
		tried C:\Documents and Settings\Administrator\.ivy2/local/org.fusesource.jansi/jansi/1.4/sources/jansi-sources.jar
	local: resource not reachable for org.fusesource.jansi#jansi;1.4: res=C:\Documents and Settings\Administrator\.ivy2\local\org.fusesource.jansi\jansi\1.4\sources\jansi-sources.jar
	 trying file://C:\Documents and Settings\Administrator/.m2/repository/org/fusesource/jansi/jansi/1.4/jansi-1.4-sources.jar
		tried file://C:\Documents and Settings\Administrator/.m2/repository/org/fusesource/jansi/jansi/1.4/jansi-1.4-sources.jar
	Maven2 Local: resource not reachable for org/fusesource/jansi#jansi;1.4: res=file://C:/Documents and Settings/Administrator/.m2/repository/org/fusesource/jansi/jansi/1.4/jansi-1.4-sources.jar
	 trying http://databinder.net/repo/org.fusesource.jansi/jansi/1.4/sources/jansi-sources.jar
		tried http://databinder.net/repo/org.fusesource.jansi/jansi/1.4/sources/jansi-sources.jar
HTTP response status: 404 url=http://databinder.net/repo/org.fusesource.jansi/jansi/1.4/sources/jansi-sources.jar
CLIENT ERROR: Not Found url=http://databinder.net/repo/org.fusesource.jansi/jansi/1.4/sources/jansi-sources.jar
	sbt-db: resource not reachable for org.fusesource.jansi#jansi;1.4: res=http://databinder.net/repo/org.fusesource.jansi/jansi/1.4/sources/jansi-sources.jar
	 trying http://repo1.maven.org/maven2/org/fusesource/jansi/jansi/1.4/jansi-1.4-sources.jar
		tried http://repo1.maven.org/maven2/org/fusesource/jansi/jansi/1.4/jansi-1.4-sources.jar
source artifact found for org.fusesource.jansi#jansi;1.4
	 trying C:\Documents and Settings\Administrator\.ivy2/local/org.fusesource.jansi/jansi/1.4/javadocs/jansi-javadoc.jar
		tried C:\Documents and Settings\Administrator\.ivy2/local/org.fusesource.jansi/jansi/1.4/javadocs/jansi-javadoc.jar
	local: resource not reachable for org.fusesource.jansi#jansi;1.4: res=C:\Documents and Settings\Administrator\.ivy2\local\org.fusesource.jansi\jansi\1.4\javadocs\jansi-javadoc.jar
	 trying file://C:\Documents and Settings\Administrator/.m2/repository/org/fusesource/jansi/jansi/1.4/jansi-1.4-javadoc.jar
		tried file://C:\Documents and Settings\Administrator/.m2/repository/org/fusesource/jansi/jansi/1.4/jansi-1.4-javadoc.jar
	Maven2 Local: resource not reachable for org/fusesource/jansi#jansi;1.4: res=file://C:/Documents and Settings/Administrator/.m2/repository/org/fusesource/jansi/jansi/1.4/jansi-1.4-javadoc.jar
	 trying http://databinder.net/repo/org.fusesource.jansi/jansi/1.4/javadocs/jansi-javadoc.jar
		tried http://databinder.net/repo/org.fusesource.jansi/jansi/1.4/javadocs/jansi-javadoc.jar
HTTP response status: 404 url=http://databinder.net/repo/org.fusesource.jansi/jansi/1.4/javadocs/jansi-javadoc.jar
CLIENT ERROR: Not Found url=http://databinder.net/repo/org.fusesource.jansi/jansi/1.4/javadocs/jansi-javadoc.jar
	sbt-db: resource not reachable for org.fusesource.jansi#jansi;1.4: res=http://databinder.net/repo/org.fusesource.jansi/jansi/1.4/javadocs/jansi-javadoc.jar
	 trying http://repo1.maven.org/maven2/org/fusesource/jansi/jansi/1.4/jansi-1.4-javadoc.jar
		tried http://repo1.maven.org/maven2/org/fusesource/jansi/jansi/1.4/jansi-1.4-javadoc.jar
javadoc artifact found for org.fusesource.jansi#jansi;1.4
	default-cache: parsed downloaded md file for org.fusesource.jansi#jansi;1.4; parsed=org.fusesource.jansi#jansi;1.4
	checking org.fusesource.jansi#jansi;1.4 from Maven Central against [none]
	module revision kept as first found: org.fusesource.jansi#jansi;1.4 from Maven Central
	found org.fusesource.jansi#jansi;1.4 in Maven Central
== resolving dependencies org.scala-lang#jline;2.9.0->org.fusesource.jansi#jansi;1.4 [compile->compile(*)]
loadData of org.fusesource.jansi#jansi;1.4 of rootConf=default
== resolving dependencies org.scala-tools.sbt#boot-scala;1.0->org.scala-lang#scala-library;2.9.0 [default->default]
loadData of org.scala-lang#scala-library;2.9.0 of rootConf=default
default is loaded and no conf to load.  Skip loading
== resolving dependencies org.scala-tools.sbt#boot-scala;1.0->org.scala-lang#scala-library;2.9.0 [default->runtime]
loadData of org.scala-lang#scala-library;2.9.0 of rootConf=default
default is loaded and no conf to load.  Skip loading
== resolving dependencies org.scala-tools.sbt#boot-scala;1.0->org.scala-lang#scala-library;2.9.0 [default->compile]
loadData of org.scala-lang#scala-library;2.9.0 of rootConf=default
default is loaded and no conf to load.  Skip loading
== resolving dependencies org.scala-tools.sbt#boot-scala;1.0->org.scala-lang#scala-library;2.9.0 [default->master]
loadData of org.scala-lang#scala-library;2.9.0 of rootConf=default
default is loaded and no conf to load.  Skip loading
Nbr of module to sort : 4
Sort dependencies of : org.scala-lang#scala-compiler;2.9.0 / Number of dependencies = 2
Sort dependencies of : org.scala-lang#scala-library;2.9.0 / Number of dependencies = 0
Sort done for : org.scala-lang#scala-library;2.9.0
Sort dependencies of : org.scala-lang#jline;2.9.0 / Number of dependencies = 1
Sort dependencies of : org.fusesource.jansi#jansi;1.4 / Number of dependencies = 1
Sort done for : org.fusesource.jansi#jansi;1.4
Sort done for : org.scala-lang#jline;2.9.0
Sort done for : org.scala-lang#scala-compiler;2.9.0
Module descriptor is processed : org.scala-lang#scala-library;2.9.0
Module descriptor is processed : org.scala-lang#jline;2.9.0
Module descriptor is processed : org.fusesource.jansi#jansi;1.4
	resolved ivy file produced in C:\Documents and Settings\Administrator\.ivy2\cache\resolved-org.scala-tools.sbt-boot-scala-1.0.xml
:: downloading artifacts ::
	[NOT REQUIRED] org.scala-lang#scala-compiler;2.9.0!scala-compiler.jar
	[NOT REQUIRED] org.scala-lang#scala-library;2.9.0!scala-library.jar
	 trying http://repo1.maven.org/maven2/org/scala-lang/jline/2.9.0/jline-2.9.0.jar
		tried http://repo1.maven.org/maven2/org/scala-lang/jline/2.9.0/jline-2.9.0.jar
downloading http://repo1.maven.org/maven2/org/scala-lang/jline/2.9.0/jline-2.9.0.jar ...
	Maven Central: downloading http://repo1.maven.org/maven2/org/scala-lang/jline/2.9.0/jline-2.9.0.jar
		to C:\Documents and Settings\Administrator\.ivy2\cache\org.scala-lang\jline\jars\jline-2.9.0.jar.part
	[SUCCESSFUL ] org.scala-lang#jline;2.9.0!jline.jar (1860ms)
	 trying http://repo1.maven.org/maven2/org/fusesource/jansi/jansi/1.4/jansi-1.4.jar
		tried http://repo1.maven.org/maven2/org/fusesource/jansi/jansi/1.4/jansi-1.4.jar
downloading http://repo1.maven.org/maven2/org/fusesource/jansi/jansi/1.4/jansi-1.4.jar ...
	Maven Central: downloading http://repo1.maven.org/maven2/org/fusesource/jansi/jansi/1.4/jansi-1.4.jar
		to C:\Documents and Settings\Administrator\.ivy2\cache\org.fusesource.jansi\jansi\jars\jansi-1.4.jar.part
	[SUCCESSFUL ] org.fusesource.jansi#jansi;1.4!jansi.jar (594ms)
:: resolution report :: resolve 12406ms :: artifacts dl 2469ms
Nbr of module to sort : 4
Sort dependencies of : org.scala-lang#scala-compiler;2.9.0 / Number of dependencies = 2
Sort dependencies of : org.scala-lang#scala-library;2.9.0 / Number of dependencies = 0
Sort done for : org.scala-lang#scala-library;2.9.0
Sort dependencies of : org.scala-lang#jline;2.9.0 / Number of dependencies = 1
Sort dependencies of : org.fusesource.jansi#jansi;1.4 / Number of dependencies = 1
Sort done for : org.fusesource.jansi#jansi;1.4
Sort done for : org.scala-lang#jline;2.9.0
Sort done for : org.scala-lang#scala-compiler;2.9.0
Module descriptor is processed : org.scala-lang#scala-library;2.9.0
Module descriptor is processed : org.scala-lang#jline;2.9.0
Module descriptor is processed : org.fusesource.jansi#jansi;1.4
	report for org.scala-tools.sbt#boot-scala;1.0 default produced in C:\Documents and Settings\Administrator\.ivy2\cache\org.scala-tools.sbt-boot-scala-default.xml
	resolve done (12406ms resolve - 2469ms download)
:: retrieving :: org.scala-tools.sbt#boot-scala
	checkUpToDate=true
no explicit confs given for retrieve, using ivy file: C:\Documents and Settings\Administrator\.ivy2\cache\resolved-org.scala-tools.sbt-boot-scala-1.0.xml
using ivy parser to parse C:\Documents and Settings\Administrator\.ivy2\cache\resolved-org.scala-tools.sbt-boot-scala-1.0.xml
post 1.3 ivy file: using exact as default matcher
	confs: [default]
	retrieving C:\Documents and Settings\Administrator\.ivy2\cache\org.scala-lang\jline\jars\jline-2.9.0.jar
		to H:\demo\sbtdemo\project\boot\scala-2.9.0\lib\jline.jar
	retrieving C:\Documents and Settings\Administrator\.ivy2\cache\org.scala-lang\scala-library\jars\scala-library-2.9.0.jar
		to H:\demo\sbtdemo\project\boot\scala-2.9.0\lib\scala-library.jar
	retrieving C:\Documents and Settings\Administrator\.ivy2\cache\org.fusesource.jansi\jansi\jars\jansi-1.4.jar
		to H:\demo\sbtdemo\project\boot\scala-2.9.0\lib\jansi.jar
	retrieving C:\Documents and Settings\Administrator\.ivy2\cache\org.scala-lang\scala-compiler\jars\scala-compiler-2.9.0.jar
		to H:\demo\sbtdemo\project\boot\scala-2.9.0\lib\scala-compiler.jar
	4 artifacts copied, 0 already retrieved (20442kB/1218ms)
	retrieve done (1218ms)
